<?xml version="1.0" encoding="UTF-8"?>
<!-- Generated by org.testng.reporters.JUnitReportReporter -->
<testsuite hostname="IND-SethrabalanSi" failures="0" tests="2" name="ApiTests" time="4.324" errors="0" timestamp="2024-05-21T23:52:35 IST" skipped="0">
  <testcase classname="ApiTests" name="test1" time="2.659"/>
  <testcase classname="ApiTests" name="test2" time="1.665"/>
</testsuite> <!-- ApiTests -->
